<?xml version="1.0" encoding="UTF-8"?>
<!-- Generated by org.testng.reporters.JUnitXMLReporter -->
<testsuite ignored="2" hostname="IN-PG0352PK" failures="0" tests="5" name="Surefire test" time="49.031" errors="0" timestamp="2024-05-26T16:58:08 IST">
  <testcase classname="library.Base" name="@BeforeMethod Setup" time="2.231">
    <failure type="java.lang.NullPointerException" message="Cannot invoke &amp;quot;com.aventstack.extentreports.ExtentReports.createTest(String)&amp;quot; because &amp;quot;this.extent&amp;quot; is null">
      <![CDATA[java.lang.NullPointerException: Cannot invoke "com.aventstack.extentreports.ExtentReports.createTest(String)" because "this.extent" is null
at library.Base.Setup(Base.java:50)
at java.base/java.util.ArrayList.forEach(ArrayList.java:1511)
... Removed 36 stack frames]]>
    </failure>
  </testcase> <!-- @BeforeMethod Setup -->
  <testcase classname="library.Base" name="@AfterMethod getResult" time="0.0">
    <skipped/>
  </testcase> <!-- @AfterMethod getResult -->
  <testcase classname="library.Base" name="@BeforeMethod Setup" time="0.0">
    <skipped/>
  </testcase> <!-- @BeforeMethod Setup -->
  <testcase classname="library.Base" name="@AfterMethod getResult" time="0.0">
    <skipped/>
  </testcase> <!-- @AfterMethod getResult -->
  <testcase classname="testcases.cartItemsTest" name="EmptyCart_Test" time="6.921"/>
  <testcase classname="testcases.cartItemsTest" name="FreeDelivery_Test" time="12.795"/>
  <testcase classname="testcases.cartItemsTest" name="NoFreeDelivery_Test" time="15.789"/>
  <testcase classname="testcases.pincodeTest" name="PIN_Fail" time="0.0">
    <skipped/>
  </testcase> <!-- PIN_Fail -->
  <testcase classname="testcases.pincodeTest" name="PIN_Pass" time="0.0">
    <skipped/>
  </testcase> <!-- PIN_Pass -->
  <testcase classname="library.Base" name="@AfterTest tearDown" time="0.0">
    <ignored/>
  </testcase> <!-- @AfterTest tearDown -->
  <testcase classname="library.Base" name="@BeforeTest startReport" time="0.0">
    <ignored/>
  </testcase> <!-- @BeforeTest startReport -->
</testsuite> <!-- Surefire test -->
