<?xml version="1.0" encoding="UTF-8"?>
<testng-results ignored="0" total="2" passed="2" failed="0" skipped="0">
  <reporter-output>
  </reporter-output>
  <suite started-at="2024-05-26T16:20:04 IST" name="Suite" finished-at="2024-05-26T16:20:46 IST" duration-ms="42361">
    <groups>
    </groups>
    <test started-at="2024-05-26T16:20:04 IST" name="Test" finished-at="2024-05-26T16:20:46 IST" duration-ms="42361">
      <class name="testcases.pincodeTest">
        <test-method is-config="true" signature="startReport()[pri:0, instance:testcases.pincodeTest@61386958]" started-at="2024-05-26T16:20:04 IST" name="startReport" finished-at="2024-05-26T16:20:04 IST" duration-ms="340" status="PASS">
          <reporter-output>
          </reporter-output>
        </test-method> <!-- startReport -->
        <test-method is-config="true" signature="Setup(java.lang.reflect.Method)[pri:0, instance:testcases.pincodeTest@61386958]" started-at="2024-05-26T16:20:04 IST" name="Setup" finished-at="2024-05-26T16:20:08 IST" duration-ms="3902" status="PASS">
          <params>
            <param index="0">
              <value>
                <![CDATA[public void testcases.pincodeTest.PIN_Fail() throws java.io.IOException,java.lang.InterruptedException]]>
              </value>
            </param>
          </params>
          <reporter-output>
          </reporter-output>
        </test-method> <!-- Setup -->
        <test-method signature="PIN_Fail()[pri:0, instance:testcases.pincodeTest@61386958]" started-at="2024-05-26T16:20:08 IST" name="PIN_Fail" finished-at="2024-05-26T16:20:17 IST" duration-ms="8372" status="PASS">
          <reporter-output>
          </reporter-output>
        </test-method> <!-- PIN_Fail -->
        <test-method is-config="true" signature="getResult(org.testng.ITestResult)[pri:0, instance:testcases.pincodeTest@61386958]" started-at="2024-05-26T16:20:17 IST" name="getResult" finished-at="2024-05-26T16:20:18 IST" duration-ms="1436" status="PASS">
          <params>
            <param index="0">
              <value>
                <![CDATA[[TestResult name=PIN_Fail status=SUCCESS method=pincodeTest.PIN_Fail()[pri:0, instance:testcases.pincodeTest@61386958] output={null}]]]>
              </value>
            </param>
          </params>
          <reporter-output>
          </reporter-output>
        </test-method> <!-- getResult -->
        <test-method is-config="true" signature="Setup(java.lang.reflect.Method)[pri:0, instance:testcases.pincodeTest@61386958]" started-at="2024-05-26T16:20:18 IST" name="Setup" finished-at="2024-05-26T16:20:21 IST" duration-ms="3239" status="PASS">
          <params>
            <param index="0">
              <value>
                <![CDATA[public void testcases.pincodeTest.PIN_Pass() throws java.io.IOException,java.lang.InterruptedException]]>
              </value>
            </param>
          </params>
          <reporter-output>
          </reporter-output>
        </test-method> <!-- Setup -->
        <test-method signature="PIN_Pass()[pri:0, instance:testcases.pincodeTest@61386958]" started-at="2024-05-26T16:20:21 IST" name="PIN_Pass" finished-at="2024-05-26T16:20:45 IST" duration-ms="24109" status="PASS">
          <reporter-output>
          </reporter-output>
        </test-method> <!-- PIN_Pass -->
        <test-method is-config="true" signature="getResult(org.testng.ITestResult)[pri:0, instance:testcases.pincodeTest@61386958]" started-at="2024-05-26T16:20:45 IST" name="getResult" finished-at="2024-05-26T16:20:46 IST" duration-ms="388" status="PASS">
          <params>
            <param index="0">
              <value>
                <![CDATA[[TestResult name=PIN_Pass status=SUCCESS method=pincodeTest.PIN_Pass()[pri:0, instance:testcases.pincodeTest@61386958] output={null}]]]>
              </value>
            </param>
          </params>
          <reporter-output>
          </reporter-output>
        </test-method> <!-- getResult -->
        <test-method is-config="true" signature="tearDown()[pri:0, instance:testcases.pincodeTest@61386958]" started-at="2024-05-26T16:20:46 IST" name="tearDown" finished-at="2024-05-26T16:20:46 IST" duration-ms="477" status="PASS">
          <reporter-output>
          </reporter-output>
        </test-method> <!-- tearDown -->
      </class> <!-- testcases.pincodeTest -->
    </test> <!-- Test -->
  </suite> <!-- Suite -->
</testng-results>
